<?xml version="1.0" encoding="UTF-8"?>
<testng-results ignored="0" total="5" passed="5" failed="0" skipped="0">
  <reporter-output>
  </reporter-output>
  <suite started-at="2021-08-18T00:52:55 IST" name="Default suite" finished-at="2021-08-18T00:52:55 IST" duration-ms="40">
    <groups>
    </groups>
    <test started-at="2021-08-18T00:52:55 IST" name="Default test" finished-at="2021-08-18T00:52:55 IST" duration-ms="40">
      <class name="TestCalculate">
        <test-method is-config="true" signature="init()[pri:0, instance:TestCalculate@75329a49]" started-at="2021-08-18T00:52:55 IST" name="init" finished-at="2021-08-18T00:52:55 IST" duration-ms="5" status="PASS">
          <reporter-output>
          </reporter-output>
        </test-method> <!-- init -->
        <test-method signature="NumbersCommaDelimitedReturnSum()[pri:0, instance:TestCalculate@75329a49]" started-at="2021-08-18T00:52:55 IST" name="NumbersCommaDelimitedReturnSum" finished-at="2021-08-18T00:52:55 IST" duration-ms="6" status="PASS">
          <reporter-output>
          </reporter-output>
        </test-method> <!-- NumbersCommaDelimitedReturnSum -->
        <test-method signature="NumbersNewLineDelimitedReturnSum()[pri:0, instance:TestCalculate@75329a49]" started-at="2021-08-18T00:52:55 IST" name="NumbersNewLineDelimitedReturnSum" finished-at="2021-08-18T00:52:55 IST" duration-ms="2" status="PASS">
          <reporter-output>
          </reporter-output>
        </test-method> <!-- NumbersNewLineDelimitedReturnSum -->
        <test-method signature="emptyStringReturnsZero()[pri:0, instance:TestCalculate@75329a49]" started-at="2021-08-18T00:52:55 IST" name="emptyStringReturnsZero" finished-at="2021-08-18T00:52:55 IST" duration-ms="1" status="PASS">
          <reporter-output>
          </reporter-output>
        </test-method> <!-- emptyStringReturnsZero -->
        <test-method signature="singleNumberReturnsValue()[pri:0, instance:TestCalculate@75329a49]" started-at="2021-08-18T00:52:55 IST" name="singleNumberReturnsValue" finished-at="2021-08-18T00:52:55 IST" duration-ms="1" status="PASS">
          <reporter-output>
          </reporter-output>
        </test-method> <!-- singleNumberReturnsValue -->
        <test-method signature="twoNumbersCommaDelimitedReturnSum()[pri:0, instance:TestCalculate@75329a49]" started-at="2021-08-18T00:52:55 IST" name="twoNumbersCommaDelimitedReturnSum" finished-at="2021-08-18T00:52:55 IST" duration-ms="1" status="PASS">
          <reporter-output>
          </reporter-output>
        </test-method> <!-- twoNumbersCommaDelimitedReturnSum -->
      </class> <!-- TestCalculate -->
    </test> <!-- Default test -->
  </suite> <!-- Default suite -->
</testng-results>
