<?xml version="1.0" encoding="UTF-8"?>
<!-- Generated by org.testng.reporters.JUnitXMLReporter -->
<testsuite ignored="0" hostname="WINDOWS-JO6TQD2" failures="0" tests="6" name="Default test" time="0.048" errors="0" timestamp="2021-08-18T01:30:14 IST">
  <testcase classname="TestCalculate" name="NumbersCommaDelimitedReturnSum" time="0.005"/>
  <testcase classname="TestCalculate" name="NumbersNewLineDelimitedReturnSum" time="0.002"/>
  <testcase classname="TestCalculate" name="emptyStringReturnsZero" time="0.001"/>
  <testcase classname="TestCalculate" name="negativeValueReturnsException" time="0.001"/>
  <testcase classname="TestCalculate" name="singleNumberReturnsValue" time="0.001"/>
  <testcase classname="TestCalculate" name="twoNumbersCommaDelimitedReturnSum" time="0.0"/>
</testsuite> <!-- Default test -->
